<?xml version="1.0" encoding="UTF-8"?>
<!-- Generated by org.testng.reporters.JUnitReportReporter -->
<testsuite hostname="Administrators-MacBook-Pro.local" failures="0" tests="4" name="test_classes.ToolsQAElementsTest" time="19.020" errors="0" timestamp="2025-04-19T01:23:11 IST" skipped="0">
  <testcase classname="test_classes.ToolsQAElementsTest" name="validateLinksPage" time="3.301"/>
  <testcase classname="test_classes.ToolsQAElementsTest" name="textBoxTest" time="0.723"/>
  <testcase classname="test_classes.ToolsQAElementsTest" name="validateActionOperationOnButton" time="14.490"/>
  <testcase classname="test_classes.ToolsQAElementsTest" name="validateWebTableInsideElementPage" time="0.506"/>
</testsuite> <!-- test_classes.ToolsQAElementsTest -->
