<?xml version="1.0" encoding="UTF-8"?>
<!-- Generated by org.testng.reporters.JUnitReportReporter -->
<testsuite hostname="Administrators-MacBook-Pro.local" failures="0" tests="2" name="test_classes.ToolsQaAlertFrameWindowTest" time="21.088" errors="0" timestamp="2025-04-19T01:23:11 IST" skipped="0">
  <testcase classname="test_classes.ToolsQaAlertFrameWindowTest" name="validatedNestedFrames" time="20.371"/>
  <testcase classname="test_classes.ToolsQaAlertFrameWindowTest" name="validateAlerts" time="0.717"/>
</testsuite> <!-- test_classes.ToolsQaAlertFrameWindowTest -->
