<?xml version="1.0" encoding="UTF-8"?>
<!-- Generated by org.testng.reporters.JUnitReportReporter -->
<testsuite hostname="Administrators-MacBook-Pro.local" failures="1" tests="1" name="runners.AmazonSmokeTestRunner" time="476.041" errors="0" timestamp="2025-10-13T17:38:43 IST" skipped="0">
  <testcase classname="runners.AmazonSmokeTestRunner" name="runScenario" time="476.041">
    <failure message="No relevant search results found. Expected keywords: Samsung, S24, Ultra, mobile, or phone expected [true] but found [false]" type="java.lang.AssertionError">
      <![CDATA[java.lang.AssertionError: No relevant search results found. Expected keywords: Samsung, S24, Ultra, mobile, or phone expected [true] but found [false]
at org.testng.Assert.fail(Assert.java:111)
at org.testng.Assert.failNotEquals(Assert.java:1578)
at org.testng.Assert.assertTrue(Assert.java:57)
at step_definations_bdd.AmazonSearchResultsSteps.i_should_see_search_results_for_samsung_s24_ultra_5g(AmazonSearchResultsSteps.java:28)
at ✽.I should see search results for Samsung S24 Ultra 5G(file:///Users/chakrapanipriyadarshi/Desktop/Web-Automation-March-2025/ToolsQAPracticeSelenium/ToolsQA/src/test/test-resources/features/amazon_product_search.feature:13)
]]>
    </failure>
  </testcase> <!-- runScenario -->
</testsuite> <!-- runners.AmazonSmokeTestRunner -->
