<?xml version="1.0" encoding="UTF-8"?>
<!-- Generated by org.testng.reporters.JUnitXMLReporter -->
<testsuite ignored="0" hostname="Administrators-MacBook-Pro.local" failures="1" tests="1" name="Surefire test" time="476.374" errors="0" timestamp="2025-10-13T17:38:42 IST">
  <testcase classname="io.cucumber.testng.AbstractTestNGCucumberTests" name="runScenario" time="476.041">
    <failure type="java.lang.AssertionError" message="No relevant search results found. Expected keywords: Samsung, S24, Ultra, mobile, or phone expected [true] but found [false]">
      <![CDATA[java.lang.AssertionError: No relevant search results found. Expected keywords: Samsung, S24, Ultra, mobile, or phone expected [true] but found [false]
at step_definations_bdd.AmazonSearchResultsSteps.i_should_see_search_results_for_samsung_s24_ultra_5g(AmazonSearchResultsSteps.java:28)
at ✽.I should see search results for Samsung S24 Ultra 5G(file:///Users/chakrapanipriyadarshi/Desktop/Web-Automation-March-2025/ToolsQAPracticeSelenium/ToolsQA/src/test/test-resources/features/amazon_product_search.feature:13)
... Removed 3 stack frames]]>
    </failure>
  </testcase> <!-- runScenario -->
</testsuite> <!-- Surefire test -->
