<?xml version="1.0" encoding="UTF-8"?>
<!-- Generated by org.testng.reporters.JUnitXMLReporter -->
<testsuite ignored="0" hostname="Administrators-MacBook-Pro.local" failures="1" tests="8" name="ToolsQA Practice" time="95.11" errors="0" timestamp="2025-04-19T01:23:11 IST">
  <testcase classname="test_classes.ToolQALoginPageTest" name="loginTest" time="15.782">
    <skipped/>
  </testcase> <!-- loginTest -->
  <testcase classname="test_classes.ToolQALoginPageTest" name="loginTest" time="2.054">
    <failure type="java.lang.AssertionError" message="expected [true] but found [false]">
      <![CDATA[java.lang.AssertionError: expected [true] but found [false]
at org.example.page_object.ToolQALoginPage.validateLoginPage(ToolQALoginPage.java:69)
at test_classes.ToolQALoginPageTest.loginTest(ToolQALoginPageTest.java:33)
at java.base/java.util.ArrayList.forEach(ArrayList.java:1511)
... Removed 35 stack frames]]>
    </failure>
  </testcase> <!-- loginTest -->
  <testcase classname="test_classes.ToolsQaAlertFrameWindowTest" name="validateAlerts" time="0.717"/>
  <testcase classname="test_classes.ToolsQaAlertFrameWindowTest" name="validatedNestedFrames" time="20.371"/>
  <testcase classname="test_classes.ToolsQAElementsTest" name="textBoxTest" time="0.723"/>
  <testcase classname="test_classes.ToolsQAElementsTest" name="validateActionOperationOnButton" time="14.49"/>
  <testcase classname="test_classes.ToolsQAElementsTest" name="validateLinksPage" time="3.301"/>
  <testcase classname="test_classes.ToolsQAElementsTest" name="validateWebTableInsideElementPage" time="0.506"/>
</testsuite> <!-- ToolsQA Practice -->
