<?xml version="1.0" encoding="UTF-8"?>
<testng-results ignored="0" total="1" passed="0" failed="1" skipped="0">
  <reporter-output>
  </reporter-output>
  <suite started-at="2025-10-13T17:30:46 IST" name="Surefire suite" finished-at="2025-10-13T17:38:42 IST" duration-ms="476374">
    <groups>
      <group name="cucumber">
        <method signature="AbstractTestNGCucumberTests.runScenario(io.cucumber.testng.PickleWrapper,io.cucumber.testng.FeatureWrapper)[pri:0, instance:runners.AmazonSmokeTestRunner@37918c79]" name="runScenario" class="io.cucumber.testng.AbstractTestNGCucumberTests"/>
      </group> <!-- cucumber -->
    </groups>
    <test started-at="2025-10-13T17:30:46 IST" name="Surefire test" finished-at="2025-10-13T17:38:42 IST" duration-ms="476374">
      <class name="runners.AmazonSmokeTestRunner">
        <test-method is-config="true" signature="setUpClass(org.testng.ITestContext)[pri:0, instance:runners.AmazonSmokeTestRunner@37918c79]" started-at="2025-10-13T17:30:46 IST" name="setUpClass" finished-at="2025-10-13T17:30:46 IST" duration-ms="253" status="PASS">
          <params>
            <param index="0">
              <value>
                <![CDATA[org.testng.TestRunner@4e83a98]]>
              </value>
            </param>
          </params>
          <reporter-output>
          </reporter-output>
        </test-method> <!-- setUpClass -->
        <test-method signature="runScenario(io.cucumber.testng.PickleWrapper,io.cucumber.testng.FeatureWrapper)[pri:0, instance:runners.AmazonSmokeTestRunner@37918c79]" started-at="2025-10-13T17:30:46 IST" name="runScenario" description="Runs Cucumber Scenarios" data-provider="scenarios" finished-at="2025-10-13T17:38:42 IST" duration-ms="476041" status="FAIL">
          <params>
            <param index="0">
              <value>
                <![CDATA["Search for Samsung S24 Ultra 5G mobile and add to cart"]]>
              </value>
            </param>
            <param index="1">
              <value>
                <![CDATA["Amazon Product Search and Cart Functionality"]]>
              </value>
            </param>
          </params>
          <exception class="java.lang.AssertionError">
            <message>
              <![CDATA[No relevant search results found. Expected keywords: Samsung, S24, Ultra, mobile, or phone expected [true] but found [false]]]>
            </message>
            <full-stacktrace>
              <![CDATA[java.lang.AssertionError: No relevant search results found. Expected keywords: Samsung, S24, Ultra, mobile, or phone expected [true] but found [false]
at org.testng.Assert.fail(Assert.java:111)
at org.testng.Assert.failNotEquals(Assert.java:1578)
at org.testng.Assert.assertTrue(Assert.java:57)
at step_definations_bdd.AmazonSearchResultsSteps.i_should_see_search_results_for_samsung_s24_ultra_5g(AmazonSearchResultsSteps.java:28)
at ✽.I should see search results for Samsung S24 Ultra 5G(file:///Users/chakrapanipriyadarshi/Desktop/Web-Automation-March-2025/ToolsQAPracticeSelenium/ToolsQA/src/test/test-resources/features/amazon_product_search.feature:13)
]]>
            </full-stacktrace>
          </exception> <!-- java.lang.AssertionError -->
          <reporter-output>
          </reporter-output>
        </test-method> <!-- runScenario -->
        <test-method is-config="true" signature="tearDownClass()[pri:0, instance:runners.AmazonSmokeTestRunner@37918c79]" started-at="2025-10-13T17:38:42 IST" name="tearDownClass" finished-at="2025-10-13T17:38:42 IST" duration-ms="50" status="PASS">
          <reporter-output>
          </reporter-output>
        </test-method> <!-- tearDownClass -->
      </class> <!-- runners.AmazonSmokeTestRunner -->
    </test> <!-- Surefire test -->
  </suite> <!-- Surefire suite -->
</testng-results>
