<?xml version="1.0" encoding="UTF-8"?>
<testsuite xmlns:xsi="http://www.w3.org/2001/XMLSchema-instance" xsi:noNamespaceSchemaLocation="https://maven.apache.org/surefire/maven-surefire-plugin/xsd/surefire-test-report-3.0.xsd" version="3.0" name="runners.AmazonSmokeTestRunner" time="476.621" tests="1" errors="0" skipped="0" failures="1">
  <properties>
[...]
</properties>
  <testcase name="runScenario[&quot;Search for Samsung S24 Ultra 5G mobile and add to cart&quot;, &quot;Amazon Product Search and Cart Functionality&quot;](1)" classname="runners.AmazonSmokeTestRunner" time="476.11">
    <failure message="No relevant search results found. Expected keywords: Samsung, S24, Ultra, mobile, or phone expected [true] but found [false]" type="java.lang.AssertionError"><![CDATA[java.lang.AssertionError: No relevant search results found. Expected keywords: Samsung, S24, Ultra, mobile, or phone expected [true] but found [false]
	at org.testng.Assert.fail(Assert.java:111)
	at org.testng.Assert.failNotEquals(Assert.java:1578)
	at org.testng.Assert.assertTrue(Assert.java:57)
	at step_definations_bdd.AmazonSearchResultsSteps.i_should_see_search_results_for_samsung_s24_ultra_5g(AmazonSearchResultsSteps.java:28)
	at ✽.I should see search results for Samsung S24 Ultra 5G(file:///Users/chakrapanipriyadarshi/Desktop/Web-Automation-March-2025/ToolsQAPracticeSelenium/ToolsQA/src/test/test-resources/features/amazon_product_search.feature:13)
]]></failure>
    <system-out><![CDATA[
@Amazon @SmokeTest
Scenario: Search for Samsung S24 Ultra 5G mobile and add to cart # src/test/test-resources/features/amazon_product_search.feature:11
Setting up test environment for Amazon scenarios
Setting up for Smoke Test
  Given I am on the Amazon homepage                              # step_definations_bdd.AmazonHomePageSteps.i_am_on_the_amazon_homepage()
  When I search for "samsung s24 ultra 5g mobile"                # step_definations_bdd.AmazonHomePageSteps.i_search_for(java.lang.String)
=== SEARCH RESULTS DEBUG ===
Primary product titles count: 0
Alternative product titles count: 0
✗ Keyword 'Samsung' not found in any product titles
=== END DEBUG ===
=== SEARCH RESULTS DEBUG ===
Primary product titles count: 0
Alternative product titles count: 0
✗ Keyword 'S24' not found in any product titles
=== END DEBUG ===
=== SEARCH RESULTS DEBUG ===
Primary product titles count: 0
Alternative product titles count: 0
✗ Keyword 'Ultra' not found in any product titles
=== END DEBUG ===
=== SEARCH RESULTS DEBUG ===
Primary product titles count: 0
Alternative product titles count: 0
✗ Keyword 'mobile' not found in any product titles
=== END DEBUG ===
=== SEARCH RESULTS DEBUG ===
Primary product titles count: 0
Alternative product titles count: 0
✗ Keyword 'phone' not found in any product titles
=== END DEBUG ===
  Then I should see search results for Samsung S24 Ultra 5G      # step_definations_bdd.AmazonSearchResultsSteps.i_should_see_search_results_for_samsung_s24_ultra_5g()
      java.lang.AssertionError: No relevant search results found. Expected keywords: Samsung, S24, Ultra, mobile, or phone expected [true] but found [false]
	at org.testng.Assert.fail(Assert.java:111)
	at org.testng.Assert.failNotEquals(Assert.java:1578)
	at org.testng.Assert.assertTrue(Assert.java:57)
	at step_definations_bdd.AmazonSearchResultsSteps.i_should_see_search_results_for_samsung_s24_ultra_5g(AmazonSearchResultsSteps.java:28)
	at ✽.I should see search results for Samsung S24 Ultra 5G(file:///Users/chakrapanipriyadarshi/Desktop/Web-Automation-March-2025/ToolsQAPracticeSelenium/ToolsQA/src/test/test-resources/features/amazon_product_search.feature:13)

  When I click on the first product from search results          # step_definations_bdd.AmazonSearchResultsSteps.i_click_on_the_first_product_from_search_results()
  Then I should be on the product details page                   # step_definations_bdd.AmazonProductPageSteps.i_should_be_on_the_product_details_page()
  When I click on "Add to Cart" button                           # step_definations_bdd.AmazonProductPageSteps.i_click_on_button(java.lang.String)
  Then I should see "Added to Cart" confirmation message         # step_definations_bdd.AmazonProductPageSteps.i_should_see_confirmation_message(java.lang.String)
  And the product should be added to my cart                     # step_definations_bdd.AmazonProductPageSteps.the_product_should_be_added_to_my_cart()
Tearing down Smoke Test
Tearing down test environment

    Embedding Screenshot [image/png 1216730 bytes]

Screenshot captured for failed scenario: Search for Samsung S24 Ultra 5G mobile and add to cart
]]></system-out>
    <system-err><![CDATA[SLF4J: Failed to load class "org.slf4j.impl.StaticLoggerBinder".
SLF4J: Defaulting to no-operation (NOP) logger implementation
SLF4J: See http://www.slf4j.org/codes.html#StaticLoggerBinder for further details.
Oct 13, 2025 5:30:46 PM org.example.base.AmazonBaseClass setup
INFO: Setting up Amazon test environment
Oct 13, 2025 5:31:03 PM org.openqa.selenium.devtools.CdpVersionFinder findNearestMatch
WARNING: Unable to find CDP implementation matching 141
Oct 13, 2025 5:31:03 PM org.openqa.selenium.chromium.ChromiumDriver lambda$new$4
WARNING: Unable to find version of CDP to use for 141.0.7390.66. You may need to include a dependency on a specific version of the CDP using something similar to `org.seleniumhq.selenium:selenium-devtools-v86:4.28.1` where the version ("v86") matches the version of the chromium-based browser you're using and the version number of the artifact is the same as Selenium's.
Oct 13, 2025 5:31:03 PM org.example.base.AmazonBaseClass setup
INFO: Attempting to navigate to Amazon (attempt 1/3)
Oct 13, 2025 5:31:20 PM org.example.base.AmazonBaseClass setup
INFO: Amazon URL opened successfully: https://www.amazon.in
Oct 13, 2025 5:38:41 PM org.example.base.AmazonBaseClass tearDown
INFO: Closing Amazon test environment
]]></system-err>
  </testcase>
</testsuite>