<?xml version="1.0" encoding="UTF-8"?>
<testsuite xmlns:xsi="http://www.w3.org/2001/XMLSchema-instance" xsi:noNamespaceSchemaLocation="https://maven.apache.org/surefire/maven-surefire-plugin/xsd/surefire-test-report-3.0.xsd" version="3.0" name="TestSuite" time="95.658" tests="8" errors="0" skipped="1" failures="1">
  <properties>
[...]
</properties>
  <testcase name="loginTest" classname="test_classes.ToolQALoginPageTest" time="0">
    <skipped message="element click intercepted: Element &lt;span class=&quot;text&quot;&gt;...&lt;/span&gt; is not clickable at point (128, 765). Other element would receive the click: &lt;div id=&quot;fixedban&quot; style=&quot;width:100%;margin:auto;text-align:center;float:none;overflow:hidden;display:scroll;position:fixed;bottom:0;z-index:9999999&quot;&gt;...&lt;/div&gt;&#10;  (Session info: chrome=135.0.7049.96)&#10;Build info: version: &apos;4.28.1&apos;, revision: &apos;73f5ad48a2&apos;&#10;System info: os.name: &apos;Mac OS X&apos;, os.arch: &apos;aarch64&apos;, os.version: &apos;14.6.1&apos;, java.version: &apos;17.0.12&apos;&#10;Driver info: org.openqa.selenium.chrome.ChromeDriver&#10;Command: [6991ad784602b7022288753be016c360, clickElement {id=f.F4FBC2D9B7A86D26E4AF71D20994A4E1.d.CC509CAACDCF6CBCB15831DA71574AFF.e.53}]&#10;Capabilities {acceptInsecureCerts: false, browserName: chrome, browserVersion: 135.0.7049.96, chrome: {chromedriverVersion: 135.0.7049.95 (de2eb485a195..., userDataDir: /var/folders/7c/nq8nl64n603...}, fedcm:accounts: true, goog:chromeOptions: {debuggerAddress: localhost:53139}, networkConnectionEnabled: false, pageLoadStrategy: normal, platformName: mac, proxy: Proxy(), se:cdp: ws://localhost:53139/devtoo..., se:cdpVersion: 135.0.7049.96, setWindowRect: true, strictFileInteractability: false, timeouts: {implicit: 0, pageLoad: 300000, script: 30000}, unhandledPromptBehavior: dismiss and notify, webauthn:extension:credBlob: true, webauthn:extension:largeBlob: true, webauthn:extension:minPinLength: true, webauthn:extension:prf: true, webauthn:virtualAuthenticators: true}&#10;Element: [[ChromeDriver: chrome on mac (6991ad784602b7022288753be016c360)] -&gt; xpath: //li[@id=&apos;item-2&apos;]/span[text()=&apos;Book Store&apos;]]&#10;Session ID: 6991ad784602b7022288753be016c360"/>
    <system-out><![CDATA[login page text: Login
userName at profile page: test4321
]]></system-out>
    <system-err><![CDATA[SLF4J: Failed to load class "org.slf4j.impl.StaticLoggerBinder".
SLF4J: Defaulting to no-operation (NOP) logger implementation
SLF4J: See http://www.slf4j.org/codes.html#StaticLoggerBinder for further details.
Apr 19, 2025 1:21:38 AM org.openqa.selenium.devtools.CdpVersionFinder findNearestMatch
WARNING: Unable to find an exact match for CDP version 135, returning the closest version; found: 132; Please update to a Selenium version that supports CDP version 135
Apr 19, 2025 1:21:40 AM org.example.base.BaseClass setup
INFO: url opened:  https://demoqa.com/login
]]></system-err>
  </testcase>
  <testcase name="loginTest" classname="test_classes.ToolQALoginPageTest" time="2.056">
    <failure message="expected [true] but found [false]" type="java.lang.AssertionError"><![CDATA[java.lang.AssertionError: expected [true] but found [false]
	at org.testng.Assert.fail(Assert.java:111)
	at org.testng.Assert.failNotEquals(Assert.java:1578)
	at org.testng.Assert.assertTrue(Assert.java:57)
	at org.testng.Assert.assertTrue(Assert.java:67)
	at org.example.page_object.ToolQALoginPage.validateLoginPage(ToolQALoginPage.java:69)
	at test_classes.ToolQALoginPageTest.loginTest(ToolQALoginPageTest.java:33)
	at java.base/jdk.internal.reflect.NativeMethodAccessorImpl.invoke0(Native Method)
	at java.base/jdk.internal.reflect.NativeMethodAccessorImpl.invoke(NativeMethodAccessorImpl.java:77)
	at java.base/jdk.internal.reflect.DelegatingMethodAccessorImpl.invoke(DelegatingMethodAccessorImpl.java:43)
	at java.base/java.lang.reflect.Method.invoke(Method.java:569)
	at org.testng.internal.invokers.MethodInvocationHelper.invokeMethod(MethodInvocationHelper.java:141)
	at org.testng.internal.invokers.TestInvoker.invokeMethod(TestInvoker.java:686)
	at org.testng.internal.invokers.TestInvoker.retryFailed(TestInvoker.java:269)
	at org.testng.internal.invokers.MethodRunner.runInSequence(MethodRunner.java:76)
	at org.testng.internal.invokers.TestInvoker$MethodInvocationAgent.invoke(TestInvoker.java:992)
	at org.testng.internal.invokers.TestInvoker.invokeTestMethods(TestInvoker.java:203)
	at org.testng.internal.invokers.TestMethodWorker.invokeTestMethods(TestMethodWorker.java:154)
	at org.testng.internal.invokers.TestMethodWorker.run(TestMethodWorker.java:134)
	at java.base/java.util.ArrayList.forEach(ArrayList.java:1511)
	at org.testng.TestRunner.privateRun(TestRunner.java:739)
	at org.testng.TestRunner.run(TestRunner.java:614)
	at org.testng.SuiteRunner.runTest(SuiteRunner.java:421)
	at org.testng.SuiteRunner.runSequentially(SuiteRunner.java:413)
	at org.testng.SuiteRunner.privateRun(SuiteRunner.java:373)
	at org.testng.SuiteRunner.run(SuiteRunner.java:312)
	at org.testng.SuiteRunnerWorker.runSuite(SuiteRunnerWorker.java:52)
	at org.testng.SuiteRunnerWorker.run(SuiteRunnerWorker.java:95)
	at org.testng.TestNG.runSuitesSequentially(TestNG.java:1274)
	at org.testng.TestNG.runSuitesLocally(TestNG.java:1208)
	at org.testng.TestNG.runSuites(TestNG.java:1112)
	at org.testng.TestNG.run(TestNG.java:1079)
	at org.apache.maven.surefire.testng.TestNGExecutor.run(TestNGExecutor.java:324)
	at org.apache.maven.surefire.testng.TestNGXmlTestSuite.execute(TestNGXmlTestSuite.java:74)
	at org.apache.maven.surefire.testng.TestNGProvider.invoke(TestNGProvider.java:123)
	at org.apache.maven.surefire.booter.ForkedBooter.runSuitesInProcess(ForkedBooter.java:456)
	at org.apache.maven.surefire.booter.ForkedBooter.execute(ForkedBooter.java:169)
	at org.apache.maven.surefire.booter.ForkedBooter.run(ForkedBooter.java:595)
	at org.apache.maven.surefire.booter.ForkedBooter.main(ForkedBooter.java:581)
]]></failure>
    <system-out><![CDATA[login page text: Delete Account
]]></system-out>
  </testcase>
  <testcase name="validateAlerts" classname="test_classes.ToolsQaAlertFrameWindowTest" time="0.717">
    <system-out><![CDATA[Alerts test started 
You clicked a button
Alert Handled successfully
Do you confirm action?
You selected Ok
Do you confirm action?
You selected Cancel
You entered Sachin
]]></system-out>
    <system-err><![CDATA[Apr 19, 2025 1:21:59 AM org.openqa.selenium.devtools.CdpVersionFinder findNearestMatch
WARNING: Unable to find an exact match for CDP version 135, returning the closest version; found: 132; Please update to a Selenium version that supports CDP version 135
Apr 19, 2025 1:22:12 AM org.example.base.BaseClass setup
INFO: url opened:  https://demoqa.com/login
]]></system-err>
  </testcase>
  <testcase name="validatedNestedFrames" classname="test_classes.ToolsQaAlertFrameWindowTest" time="20.388">
    <system-out><![CDATA[Frame test started 
parent-frame-text: Parent frame
Sample Nested Iframe page. There are nested iframes in this page. Use browser inspecter or firebug to check out the HTML source. In total you can switch between the parent frame and the nested child frame.
Iframe handled successfully.
]]></system-out>
  </testcase>
  <testcase name="textBoxTest" classname="test_classes.ToolsQAElementsTest" time="0.723">
    <system-out><![CDATA[test started 
Test user98  >>>>>  Test_User-20@ymail.com
email class :  class jdk.proxy2.$Proxy11 tagname  input
Submit button -text: Submit
xpath->>>   //label[text()='Impressive']
]]></system-out>
    <system-err><![CDATA[Apr 19, 2025 1:22:36 AM org.openqa.selenium.devtools.CdpVersionFinder findNearestMatch
WARNING: Unable to find an exact match for CDP version 135, returning the closest version; found: 132; Please update to a Selenium version that supports CDP version 135
Apr 19, 2025 1:22:50 AM org.example.base.BaseClass setup
INFO: url opened:  https://demoqa.com/login
]]></system-err>
  </testcase>
  <testcase name="validateActionOperationOnButton" classname="test_classes.ToolsQAElementsTest" time="14.493">
    <system-out><![CDATA[3rd test started 
An error occurred: no such element: Unable to locate element: {"method":"css selector","selector":"#dynamicClickMessage"}
  (Session info: chrome=135.0.7049.96)
For documentation on this error, please visit: https://www.selenium.dev/documentation/webdriver/troubleshooting/errors#no-such-element-exception
Build info: version: '4.28.1', revision: '73f5ad48a2'
System info: os.name: 'Mac OS X', os.arch: 'aarch64', os.version: '14.6.1', java.version: '17.0.12'
Driver info: org.openqa.selenium.chrome.ChromeDriver
Command: [aea932f67ea1af8d4866aefbae9659ef, findElement {using=id, value=dynamicClickMessage}]
Capabilities {acceptInsecureCerts: false, browserName: chrome, browserVersion: 135.0.7049.96, chrome: {chromedriverVersion: 135.0.7049.95 (de2eb485a195..., userDataDir: /var/folders/7c/nq8nl64n603...}, fedcm:accounts: true, goog:chromeOptions: {debuggerAddress: localhost:53800}, networkConnectionEnabled: false, pageLoadStrategy: normal, platformName: mac, proxy: Proxy(), se:cdp: ws://localhost:53800/devtoo..., se:cdpVersion: 135.0.7049.96, setWindowRect: true, strictFileInteractability: false, timeouts: {implicit: 0, pageLoad: 300000, script: 30000}, unhandledPromptBehavior: dismiss and notify, webauthn:extension:credBlob: true, webauthn:extension:largeBlob: true, webauthn:extension:minPinLength: true, webauthn:extension:prf: true, webauthn:virtualAuthenticators: true}
Session ID: aea932f67ea1af8d4866aefbae9659ef
]]></system-out>
  </testcase>
  <testcase name="validateLinksPage" classname="test_classes.ToolsQAElementsTest" time="3.304">
    <system-out><![CDATA[3rd test started 
Page scrolled to the bottom.
>>>>>>>>Created
link response: Link has responded with staus 201 and status text Created
>>>>>>>>No Content
link response: Link has responded with staus 201 and status text Created
>>>>>>>>Moved
link response: Link has responded with staus 201 and status text Created
>>>>>>>>Bad Request
link response: Link has responded with staus 201 and status text Created
>>>>>>>>Unauthorized
link response: Link has responded with staus 204 and status text No Content
>>>>>>>>Forbidden
link response: Link has responded with staus 301 and status text Moved Permanently
>>>>>>>>Not Found
link response: Link has responded with staus 400 and status text Bad Request
originalWindow: 61E1A566323C6B2445821AEF44C82885
new tab Window: A599C0E93210AAD6A4CCBD373A1AA4FA
https://demoqa.com/links
]]></system-out>
  </testcase>
  <testcase name="validateWebTableInsideElementPage" classname="test_classes.ToolsQAElementsTest" time="0.507">
    <system-out><![CDATA[2nd test started 
List value added inside Web Table
]]></system-out>
  </testcase>
</testsuite>